d:\software\vs2022\readcloudpoint\readcloudpoint\x64\debug\main.obj
d:\software\vs2022\readcloudpoint\readcloudpoint\x64\debug\readcloudpoint.obj
d:\software\vs2022\readcloudpoint\readcloudpoint\x64\debug\minboundingbox.obj
d:\software\vs2022\readcloudpoint\readcloudpoint\x64\debug\cpointviewer.obj
d:\software\vs2022\readcloudpoint\readcloudpoint\x64\debug\qrc_readcloudpoint.obj
d:\software\vs2022\readcloudpoint\readcloudpoint\x64\debug\moc_cpointviewer.obj
d:\software\vs2022\readcloudpoint\readcloudpoint\x64\debug\moc_readcloudpoint.obj
d:\software\vs2022\readcloudpoint\readcloudpoint\x64\debug\viewer.obj
d:\software\vs2022\readcloudpoint\readcloudpoint\x64\debug\vc143.pdb
d:\software\vs2022\readcloudpoint\readcloudpoint\x64\debug\moc_viewer.obj
d:\software\vs2022\readcloudpoint\x64\debug\readcloudpoint.exe
d:\software\vs2022\readcloudpoint\x64\debug\readcloudpoint.ilk
d:\software\vs2022\readcloudpoint\x64\debug\readcloudpoint.pdb
d:\software\vs2022\readcloudpoint\readcloudpoint\x64\debug\moc\moc_readcloudpoint.cpp
d:\software\vs2022\readcloudpoint\readcloudpoint\x64\debug\moc\moc_cpointviewer.cpp
d:\software\vs2022\readcloudpoint\readcloudpoint\x64\debug\moc\moc_viewer.cpp
d:\software\vs2022\readcloudpoint\readcloudpoint\x64\debug\rcc\qrc_readcloudpoint.cpp
d:\software\vs2022\readcloudpoint\readcloudpoint\x64\debug\uic\ui_readcloudpoint.h
d:\software\vs2022\readcloudpoint\readcloudpoint\x64\debug\readcloudpoint.tlog\cl.command.1.tlog
d:\software\vs2022\readcloudpoint\readcloudpoint\x64\debug\readcloudpoint.tlog\cl.items.tlog
d:\software\vs2022\readcloudpoint\readcloudpoint\x64\debug\readcloudpoint.tlog\cl.read.1.tlog
d:\software\vs2022\readcloudpoint\readcloudpoint\x64\debug\readcloudpoint.tlog\cl.write.1.tlog
d:\software\vs2022\readcloudpoint\readcloudpoint\x64\debug\readcloudpoint.tlog\link.16340-cvtres.read.1.tlog
d:\software\vs2022\readcloudpoint\readcloudpoint\x64\debug\readcloudpoint.tlog\link.16340-cvtres.write.1.tlog
d:\software\vs2022\readcloudpoint\readcloudpoint\x64\debug\readcloudpoint.tlog\link.16340-rc.read.1.tlog
d:\software\vs2022\readcloudpoint\readcloudpoint\x64\debug\readcloudpoint.tlog\link.16340-rc.write.1.tlog
d:\software\vs2022\readcloudpoint\readcloudpoint\x64\debug\readcloudpoint.tlog\link.16340.read.1.tlog
d:\software\vs2022\readcloudpoint\readcloudpoint\x64\debug\readcloudpoint.tlog\link.16340.read.2.tlog
d:\software\vs2022\readcloudpoint\readcloudpoint\x64\debug\readcloudpoint.tlog\link.16340.write.1.tlog
d:\software\vs2022\readcloudpoint\readcloudpoint\x64\debug\readcloudpoint.tlog\link.command.1.tlog
d:\software\vs2022\readcloudpoint\readcloudpoint\x64\debug\readcloudpoint.tlog\link.read.1.tlog
d:\software\vs2022\readcloudpoint\readcloudpoint\x64\debug\readcloudpoint.tlog\link.write.1.tlog
d:\software\vs2022\readcloudpoint\readcloudpoint\x64\debug\readcloudpoint.tlog\moc.read.1u.tlog
d:\software\vs2022\readcloudpoint\readcloudpoint\x64\debug\readcloudpoint.tlog\moc.write.1u.tlog
d:\software\vs2022\readcloudpoint\readcloudpoint\x64\debug\readcloudpoint.tlog\rcc.read.1u.tlog
d:\software\vs2022\readcloudpoint\readcloudpoint\x64\debug\readcloudpoint.tlog\rcc.write.1u.tlog
d:\software\vs2022\readcloudpoint\readcloudpoint\x64\debug\readcloudpoint.tlog\readcloudpoint.write.1u.tlog
d:\software\vs2022\readcloudpoint\readcloudpoint\x64\debug\readcloudpoint.tlog\uic.read.1u.tlog
d:\software\vs2022\readcloudpoint\readcloudpoint\x64\debug\readcloudpoint.tlog\uic.write.1u.tlog
